{"uid":"4b4757e66a1912dae1a509f688f20b0f","children":[{"name":"Product defects","children":[{"name":"Element not found {By.linkText: eroshenkoam/allure-example}\nExpected: clickable: interactable and enabled\nScreenshot: file:/home/runner/work/allure_test/allure_test/build/reports/tests/1709307095566.0.png\nPage source: file:/home/runner/work/allure_test/allure_test/build/reports/tests/1709307095566.0.html\nTimeout: 4 s.\nCaused by: NoSuchElementException: no such element: Unable to locate element: {\"method\":\"link text\",\"selector\":\"eroshenkoam/allure-example\"}","children":[{"name":"issueSearchTest()","uid":"3fd65294f9a6cc17","parentUid":"d0c1790c7d10d0b4727b02e0c2ea2df6","status":"failed","time":{"start":1709307089988,"stop":1709307095742,"duration":5754},"flaky":false,"newFailed":true,"newPassed":false,"newBroken":false,"retriesCount":0,"retriesStatusChange":false,"parameters":[],"tags":[]}],"uid":"d0c1790c7d10d0b4727b02e0c2ea2df6"},{"name":"Element not found {By.linkText: eroshenkoam/allure-example}\nExpected: clickable: interactable and enabled\nScreenshot: file:/home/runner/work/allure_test/allure_test/build/reports/tests/1709307100707.1.png\nPage source: file:/home/runner/work/allure_test/allure_test/build/reports/tests/1709307100707.1.html\nTimeout: 4 s.\nCaused by: NoSuchElementException: no such element: Unable to locate element: {\"method\":\"link text\",\"selector\":\"eroshenkoam/allure-example\"}","children":[{"name":"annotatedTest()","uid":"4c68795d3351cd29","parentUid":"fe09e6e6043e5fdd8b09c776d2f5cac2","status":"failed","time":{"start":1709307095751,"stop":1709307100869,"duration":5118},"flaky":false,"newFailed":true,"newPassed":false,"newBroken":false,"retriesCount":0,"retriesStatusChange":false,"parameters":[],"tags":[]}],"uid":"fe09e6e6043e5fdd8b09c776d2f5cac2"},{"name":"Element not found {By.linkText: eroshenkoam/allure-example}\nExpected: clickable: interactable and enabled\nScreenshot: file:/home/runner/work/allure_test/allure_test/build/reports/tests/1709307105804.2.png\nPage source: file:/home/runner/work/allure_test/allure_test/build/reports/tests/1709307105804.2.html\nTimeout: 4 s.\nCaused by: NoSuchElementException: no such element: Unable to locate element: {\"method\":\"link text\",\"selector\":\"eroshenkoam/allure-example\"}","children":[{"name":"lambdaStepTest()","uid":"2e2847c239c0035f","parentUid":"3f1731d8d7b5696f9b90bce7b11857d0","status":"failed","time":{"start":1709307100878,"stop":1709307105950,"duration":5072},"flaky":false,"newFailed":true,"newPassed":false,"newBroken":false,"retriesCount":0,"retriesStatusChange":false,"parameters":[],"tags":[]}],"uid":"3f1731d8d7b5696f9b90bce7b11857d0"}],"uid":"8fb3a91ba5aaf9de24cc8a92edc82b5d"}],"name":"categories"}