{"uid":"4b4757e66a1912dae1a509f688f20b0f","children":[{"name":"Product defects","children":[{"name":"Element not found {By.linkText: eroshenkoam/allure-example}\nExpected: clickable: interactable and enabled\nScreenshot: file:/home/runner/work/allure_test/allure_test/build/reports/tests/1709307987872.0.png\nPage source: file:/home/runner/work/allure_test/allure_test/build/reports/tests/1709307987872.0.html\nTimeout: 4 s.\nCaused by: NoSuchElementException: no such element: Unable to locate element: {\"method\":\"link text\",\"selector\":\"eroshenkoam/allure-example\"}","children":[{"name":"issueSearchTest()","uid":"539f2301fadf9dd8","parentUid":"705736dedfc32ca19582d3b81974fe45","status":"failed","time":{"start":1709307982317,"stop":1709307988057,"duration":5740},"flaky":false,"newFailed":false,"newPassed":false,"newBroken":false,"retriesCount":0,"retriesStatusChange":false,"parameters":[],"tags":[]}],"uid":"705736dedfc32ca19582d3b81974fe45"},{"name":"Element not found {By.linkText: eroshenkoam/allure-example}\nExpected: clickable: interactable and enabled\nScreenshot: file:/home/runner/work/allure_test/allure_test/build/reports/tests/1709307992909.1.png\nPage source: file:/home/runner/work/allure_test/allure_test/build/reports/tests/1709307992909.1.html\nTimeout: 4 s.\nCaused by: NoSuchElementException: no such element: Unable to locate element: {\"method\":\"link text\",\"selector\":\"eroshenkoam/allure-example\"}","children":[{"name":"annotatedTest()","uid":"9d4e1fdf3195f110","parentUid":"7a033de62f8d73b281d4d44607dc6258","status":"failed","time":{"start":1709307988067,"stop":1709307993064,"duration":4997},"flaky":false,"newFailed":false,"newPassed":false,"newBroken":false,"retriesCount":0,"retriesStatusChange":false,"parameters":[],"tags":[]}],"uid":"7a033de62f8d73b281d4d44607dc6258"},{"name":"Element not found {By.linkText: eroshenkoam/allure-example}\nExpected: clickable: interactable and enabled\nScreenshot: file:/home/runner/work/allure_test/allure_test/build/reports/tests/1709307997893.2.png\nPage source: file:/home/runner/work/allure_test/allure_test/build/reports/tests/1709307997893.2.html\nTimeout: 4 s.\nCaused by: NoSuchElementException: no such element: Unable to locate element: {\"method\":\"link text\",\"selector\":\"eroshenkoam/allure-example\"}","children":[{"name":"lambdaStepTest()","uid":"3a05d369d0d0feb4","parentUid":"06aeaa64c027a042efc9a72bce56d911","status":"failed","time":{"start":1709307993070,"stop":1709307998047,"duration":4977},"flaky":false,"newFailed":false,"newPassed":false,"newBroken":false,"retriesCount":0,"retriesStatusChange":false,"parameters":[],"tags":[]}],"uid":"06aeaa64c027a042efc9a72bce56d911"}],"uid":"8fb3a91ba5aaf9de24cc8a92edc82b5d"}],"name":"categories"}